{"timestamp":"2025-10-21T01:40:01.455768Z","level":"info","event":"DAG bundles loaded: dags-folder, example_dags","logger":"airflow.dag_processing.bundles.manager.DagBundlesManager","filename":"manager.py","lineno":179}
{"timestamp":"2025-10-21T01:40:01.462516Z","level":"info","event":"Filling up the DagBag from /opt/airflow/dags/gold_data_dag.py","logger":"airflow.models.dagbag.DagBag","filename":"dagbag.py","lineno":593}
{"timestamp":"2025-10-21T01:40:01.647400Z","level":"warning","event":"The `airflow.operators.python.PythonOperator` attribute is deprecated. Please use `'airflow.providers.standard.operators.python.PythonOperator'`.","category":"DeprecatedImportWarning","filename":"/opt/airflow/dags/gold_data_dag.py","lineno":7,"logger":"py.warnings"}
{"timestamp":"2025-10-21T01:40:05.152607Z","level":"info","event":"Task instance is in running state","logger":"task.stdout"}
{"timestamp":"2025-10-21T01:40:05.155462Z","level":"info","event":" Previous state of the Task instance: TaskInstanceState.QUEUED","logger":"task.stdout"}
{"timestamp":"2025-10-21T01:40:05.159090Z","level":"info","event":"Current task name:extract_task","logger":"task.stdout"}
{"timestamp":"2025-10-21T01:40:05.159582Z","level":"info","event":"Dag name:gold_etl_pipeline","logger":"task.stdout"}
{"timestamp":"2025-10-21T01:40:05.160026Z","level":"info","event":"Fetching gold data for date: 20251020","logger":"task.stdout"}
{"timestamp":"2025-10-21T01:40:06.095796Z","level":"info","event":"                       date      timestamp  ... price_gram_14k price_gram_10k","logger":"task.stdout"}
{"timestamp":"2025-10-21T01:40:06.096347Z","level":"info","event":"0  2025-10-20T09:30:00.000Z  1760952600000  ...        79.7586        56.9705","logger":"task.stdout"}
{"timestamp":"2025-10-21T01:40:06.096887Z","level":"info","event":"","logger":"task.stdout"}
{"timestamp":"2025-10-21T01:40:06.097687Z","level":"info","event":"[1 rows x 17 columns]","logger":"task.stdout"}
{"timestamp":"2025-10-21T01:40:06.098663Z","level":"info","event":"Extracted 1 row(s) from https://www.goldapi.io/api/XAU/USD/20251020","logger":"task.stdout"}
{"timestamp":"2025-10-21T01:40:06.119173Z","level":"info","event":"                       date      timestamp  ... price_gram_14k price_gram_10k","logger":"task.stdout"}
{"timestamp":"2025-10-21T01:40:06.120175Z","level":"info","event":"0  2025-10-20T09:30:00.000Z  1760952600000  ...        79.7586        56.9705","logger":"task.stdout"}
{"timestamp":"2025-10-21T01:40:06.120685Z","level":"info","event":"","logger":"task.stdout"}
{"timestamp":"2025-10-21T01:40:06.121194Z","level":"info","event":"[1 rows x 17 columns]","logger":"task.stdout"}
{"timestamp":"2025-10-21T01:40:06.147770Z","level":"info","event":"Done. Returned value was: None","logger":"airflow.task.operators.airflow.providers.standard.operators.python.PythonOperator","filename":"python.py","lineno":218}
{"timestamp":"2025-10-21T01:40:06.195510Z","level":"info","event":"Task instance in success state","logger":"task.stdout"}
{"timestamp":"2025-10-21T01:40:06.196049Z","level":"info","event":" Previous state of the Task instance: TaskInstanceState.RUNNING","logger":"task.stdout"}
{"timestamp":"2025-10-21T01:40:06.196470Z","level":"info","event":"Task operator:<Task(PythonOperator): extract_task>","logger":"task.stdout"}
